<?xml version="1.0" encoding="UTF-8"?>
<beans xmlns="http://www.springframework.org/schema/beans"
       xmlns:xsi="http://www.w3.org/2001/XMLSchema-instance"
       xmlns:context="http://www.springframework.org/schema/context"
       xmlns:aop="http://www.springframework.org/schema/aop"
       xmlns:tx="http://www.springframework.org/schema/tx"
       xsi:schemaLocation="http://www.springframework.org/schema/beans
           http://www.springframework.org/schema/beans/spring-beans-2.5.xsd
           http://www.springframework.org/schema/context
           http://www.springframework.org/schema/context/spring-context-2.5.xsd
           http://www.springframework.org/schema/tx http://www.springframework.org/schema/tx/spring-tx-2.5.xsd
           http://www.springframework.org/schema/aop http://www.springframework.org/schema/aop/spring-aop-2.5.xsd">

	<import resource="cach3-context.xml" />

  <bean class="org.flite.cach3.api.impl.DefaultMemcachedCacheProviderImpl">
    <constructor-arg index="0" value="true" />
    <constructor-arg index="1" value="127.0.0.1:11211" />
  </bean>

  <aop:aspectj-autoproxy />

	<bean id="testDao" class="org.flite.cach3.test.dao.TestDAOImpl" />

	<bean id="testSvc" class="org.flite.cach3.test.svc.TestSvcImpl">
		<property name="dao" ref="testDao" />
	</bean>

  <bean id="stubIA" class="org.flite.cach3.test.listeners.StubInvalidateAssignCacheListenerImpl" />
  <bean id="stubIS" class="org.flite.cach3.test.listeners.StubInvalidateSingleCacheListenerImpl" />
  <bean id="stubIM" class="org.flite.cach3.test.listeners.StubInvalidateMultiCacheListenerImpl" />
  <bean id="stubRTA" class="org.flite.cach3.test.listeners.StubReadThroughAssignCacheListenerImpl" />
  <bean id="stubRTS" class="org.flite.cach3.test.listeners.StubReadThroughSingleCacheListenerImpl" />
  <bean id="stubRTM" class="org.flite.cach3.test.listeners.StubReadThroughMultiCacheListenerImpl" />
  <bean id="stubUA" class="org.flite.cach3.test.listeners.StubUpdateAssignCacheListenerImpl" />
  <bean id="stubUS" class="org.flite.cach3.test.listeners.StubUpdateSingleCacheListenerImpl" />
  <bean id="stubUM" class="org.flite.cach3.test.listeners.StubUpdateMultiCacheListenerImpl" />

  <bean factory-bean="cach3-velocityContextFactory" factory-method="addVelocityContextItems">
    <constructor-arg>
      <map>
        <entry key="literal-string" value="this is just a literal string" />
        <entry key="bean-reference" value-ref="testDao" />
        <entry key="static-class">
          <value type="java.lang.Class">org.apache.commons.lang.math.NumberUtils</value>
        </entry>
      </map>
    </constructor-arg>
  </bean>

  <bean class="org.flite.cach3.config.ConfigurationHelper" factory-method="setJitterDefault">
    <constructor-arg index="0" ref="cach3-state" />
    <constructor-arg index="1" value="10" />
  </bean>
</beans>
